<?xml version="1.0" encoding="UTF-8"?>
<!-- Generated by org.testng.reporters.JUnitReportReporter -->
<testsuite skipped="0" hostname="NEO-R394" name="selenium.randstadTestAutomation.SecondTest" tests="1" failures="0" timestamp="2021-01-23T19:06:33 CET" time="55.833" errors="0">
  <testcase name="ouvrirNavigateur" time="55.833" classname="selenium.randstadTestAutomation.SecondTest"/>
  <system-out/>
</testsuite> <!-- selenium.randstadTestAutomation.SecondTest -->
