<?xml version="1.0" encoding="UTF-8"?>
<!-- Generated by org.testng.reporters.JUnitReportReporter -->
<testsuite skipped="0" hostname="NEO-R394" name="tests.RechercheEmploiTest" tests="1" failures="0" timestamp="2021-01-24T19:49:20 CET" time="10.401" errors="0">
  <testcase name="UtilisateurChercherOffre" time="10.401" classname="tests.RechercheEmploiTest"/>
  <system-out/>
</testsuite> <!-- tests.RechercheEmploiTest -->
