<?xml version="1.0" encoding="UTF-8"?>
<!-- Generated by org.testng.reporters.JUnitReportReporter -->
<testsuite skipped="0" hostname="NEO-R394" name="selenium.randstadTestAutomation.verificationTestRandstad" tests="1" failures="0" timestamp="2021-01-24T17:01:29 CET" time="0.014" errors="0">
  <testcase name="ouvrirNavigateur" time="0.014" classname="selenium.randstadTestAutomation.verificationTestRandstad"/>
  <system-out/>
</testsuite> <!-- selenium.randstadTestAutomation.verificationTestRandstad -->
